92038: Información: =================================================================== 
92038: Información: OmegaT-3.1.2 (Sun Jul 13 19:59:05 CEST 2014)  Locale es_ES 
92038: Información: Java: Oracle Corporation ver. 1.7.0_55, ejecutado desde '/usr/lib/jvm/java-7-openjdk-amd64/jre' (LOG_STARTUP_INFO)
92038: Información: Jar used for plugins: file:/home/explorer/Documents/Desarrollo/perlspanish/software/OmegaT/plugins/apertium-omegat.jar (PLUGIN_LOAD_JAR)
92038: Información: Plugin successfully loaded from class 'org.omegat.languagetools.LanguageToolWrapper' (PLUGIN_LOAD_OK)
92038: Información: Plugin successfully loaded from class 'org.omegat.filters3.xml.xliff.XLIFFFilter' (PLUGIN_LOAD_OK)
92038: Información: Plugin successfully loaded from class 'org.omegat.filters2.text.TextFilter' (PLUGIN_LOAD_OK)
92038: Información: Plugin successfully loaded from class 'org.omegat.tokenizer.LuceneEnglishTokenizer' (PLUGIN_LOAD_OK)
92038: Información: Plugin successfully loaded from class 'org.omegat.core.machinetranslators.BelazarTranslate' (PLUGIN_LOAD_OK)
92038: Información: Plugin successfully loaded from class 'org.omegat.gui.scripting.ScriptingWindow' (PLUGIN_LOAD_OK)
92038: Precaución: TaaS API key not found. Go to https://demo.taas-project.eu/account/keys/create?system=omegaT to create your own key then give it to OmegaT with -Dtaas.user.key=xxxxx (TAAS_API_KEY_NOT_FOUND)
92038: Información: Plugin successfully loaded from class 'org.omegat.gui.glossary.taas.TaaSPlugin' (PLUGIN_LOAD_OK)
92038: Información: Plugin successfully loaded from class 'org.omegat.tokenizer.LuceneCJKTokenizer' (PLUGIN_LOAD_OK)
92038: Información: Plugin successfully loaded from class 'org.omegat.tokenizer.LuceneCatalanTokenizer' (PLUGIN_LOAD_OK)
92038: Información: Plugin successfully loaded from class 'org.omegat.filters3.xml.android.AndroidFilter' (PLUGIN_LOAD_OK)
92038: Información: Plugin successfully loaded from class 'org.omegat.tokenizer.LuceneNorwegianTokenizer' (PLUGIN_LOAD_OK)
92038: Información: Plugin successfully loaded from class 'org.omegat.tokenizer.SnowballFrenchTokenizer' (PLUGIN_LOAD_OK)
92038: Información: Plugin successfully loaded from class 'org.omegat.filters2.rc.RcFilter' (PLUGIN_LOAD_OK)
92038: Información: Plugin successfully loaded from class 'org.omegat.filters2.mozlang.MozillaLangFilter' (PLUGIN_LOAD_OK)
92038: Información: Plugin successfully loaded from class 'org.omegat.filters3.xml.infix.InfixFilter' (PLUGIN_LOAD_OK)
92038: Información: Plugin successfully loaded from class 'org.omegat.filters3.xml.l10nmgr.L10nmgrFilter' (PLUGIN_LOAD_OK)
92038: Información: Plugin successfully loaded from class 'org.omegat.tokenizer.LuceneTurkishTokenizer' (PLUGIN_LOAD_OK)
92038: Información: Plugin successfully loaded from class 'org.omegat.tokenizer.SnowballPortugueseTokenizer' (PLUGIN_LOAD_OK)
92038: Información: Plugin successfully loaded from class 'org.omegat.filters3.xml.helpandmanual.HelpAndManualFilter' (PLUGIN_LOAD_OK)
92038: Información: Plugin successfully loaded from class 'org.omegat.filters2.xtagqxp.XtagFilter' (PLUGIN_LOAD_OK)
92038: Información: Plugin successfully loaded from class 'org.omegat.tokenizer.SnowballPorterTokenizer' (PLUGIN_LOAD_OK)
92038: Información: Plugin successfully loaded from class 'org.omegat.filters2.text.magento.MagentoFilter' (PLUGIN_LOAD_OK)
92038: Información: Plugin successfully loaded from class 'org.omegat.filters2.pdf.PdfFilter' (PLUGIN_LOAD_OK)
92038: Información: Plugin successfully loaded from class 'org.omegat.tokenizer.LuceneItalianTokenizer' (PLUGIN_LOAD_OK)
92038: Información: Plugin successfully loaded from class 'org.omegat.filters2.text.ini.INIFilter' (PLUGIN_LOAD_OK)
92038: Información: Plugin successfully loaded from class 'org.omegat.filters3.xml.xhtml.XHTMLFilter' (PLUGIN_LOAD_OK)
92038: Información: Plugin successfully loaded from class 'org.omegat.tokenizer.LuceneBasqueTokenizer' (PLUGIN_LOAD_OK)
92038: Información: Plugin successfully loaded from class 'org.omegat.tokenizer.LuceneGermanTokenizer' (PLUGIN_LOAD_OK)
92038: Información: Plugin successfully loaded from class 'org.omegat.gui.editor.mark.ComesFromTMMarker' (PLUGIN_LOAD_OK)
92038: Información: Plugin successfully loaded from class 'org.omegat.filters3.xml.svg.SvgFilter' (PLUGIN_LOAD_OK)
92038: Información: Plugin successfully loaded from class 'org.omegat.filters3.xml.docbook.DocBookFilter' (PLUGIN_LOAD_OK)
92038: Información: Plugin successfully loaded from class 'org.omegat.core.machinetranslators.Google2Translate' (PLUGIN_LOAD_OK)
92038: Información: Plugin successfully loaded from class 'org.omegat.tokenizer.SnowballHungarianTokenizer' (PLUGIN_LOAD_OK)
92038: Información: Plugin successfully loaded from class 'org.omegat.tokenizer.LucenePersianTokenizer' (PLUGIN_LOAD_OK)
92038: Información: Plugin successfully loaded from class 'org.omegat.tokenizer.LuceneBrazilianTokenizer' (PLUGIN_LOAD_OK)
92038: Información: Plugin successfully loaded from class 'org.omegat.core.machinetranslators.MyMemoryHumanTranslate' (PLUGIN_LOAD_OK)
92038: Información: Plugin successfully loaded from class 'org.omegat.tokenizer.LuceneJapaneseTokenizer' (PLUGIN_LOAD_OK)
92038: Información: Plugin successfully loaded from class 'org.omegat.filters3.xml.camtasiawindows.CamtasiaWindowsFilter' (PLUGIN_LOAD_OK)
92038: Información: Plugin successfully loaded from class 'org.omegat.core.machinetranslators.ApertiumTranslate' (PLUGIN_LOAD_OK)
92038: Información: Plugin successfully loaded from class 'org.omegat.core.spellchecker.SpellCheckerMarker' (PLUGIN_LOAD_OK)
92038: Información: Plugin successfully loaded from class 'org.omegat.filters2.html2.HTMLFilter2' (PLUGIN_LOAD_OK)
92038: Información: Plugin successfully loaded from class 'org.omegat.filters2.subtitles.SrtFilter' (PLUGIN_LOAD_OK)
92038: Información: Plugin successfully loaded from class 'org.omegat.filters2.mozdtd.MozillaDTDFilter' (PLUGIN_LOAD_OK)
92038: Información: Plugin successfully loaded from class 'org.omegat.tokenizer.LuceneDutchTokenizer' (PLUGIN_LOAD_OK)
92038: Información: Plugin successfully loaded from class 'org.omegat.tokenizer.LuceneChineseTokenizer' (PLUGIN_LOAD_OK)
92038: Información: Plugin successfully loaded from class 'org.omegat.tokenizer.LuceneGreekTokenizer' (PLUGIN_LOAD_OK)
92038: Información: Plugin successfully loaded from class 'org.omegat.tokenizer.LuceneFrenchTokenizer' (PLUGIN_LOAD_OK)
92038: Información: Plugin successfully loaded from class 'org.omegat.tokenizer.SnowballGerman2Tokenizer' (PLUGIN_LOAD_OK)
92038: Información: Plugin successfully loaded from class 'org.omegat.filters3.xml.typo3.Typo3Filter' (PLUGIN_LOAD_OK)
92038: Información: Plugin successfully loaded from class 'org.omegat.tokenizer.SnowballFinnishTokenizer' (PLUGIN_LOAD_OK)
92038: Información: Plugin successfully loaded from class 'org.omegat.tokenizer.LuceneFinnishTokenizer' (PLUGIN_LOAD_OK)
92038: Información: Plugin successfully loaded from class 'org.omegat.tokenizer.SnowballSpanishTokenizer' (PLUGIN_LOAD_OK)
92038: Información: Plugin successfully loaded from class 'org.omegat.tokenizer.SnowballGermanTokenizer' (PLUGIN_LOAD_OK)
92038: Información: Plugin successfully loaded from class 'org.omegat.tokenizer.LuceneIndonesianTokenizer' (PLUGIN_LOAD_OK)
92038: Información: Plugin successfully loaded from class 'org.omegat.filters2.hhc.HHCFilter2' (PLUGIN_LOAD_OK)
92038: Información: Plugin successfully loaded from class 'org.omegat.tokenizer.SnowballNorwegianTokenizer' (PLUGIN_LOAD_OK)
92038: Información: Plugin successfully loaded from class 'org.omegat.filters2.po.PoFilter' (PLUGIN_LOAD_OK)
92038: Información: Plugin successfully loaded from class 'org.omegat.filters3.xml.txml.TXMLFilter' (PLUGIN_LOAD_OK)
92038: Información: Plugin successfully loaded from class 'org.omegat.tokenizer.SnowballSwedishTokenizer' (PLUGIN_LOAD_OK)
92038: Información: Plugin successfully loaded from class 'org.omegat.tokenizer.LucenePortugueseTokenizer' (PLUGIN_LOAD_OK)
92038: Información: Plugin successfully loaded from class 'org.omegat.tokenizer.HunspellTokenizer' (PLUGIN_LOAD_OK)
92038: Información: Plugin successfully loaded from class 'org.omegat.tokenizer.LuceneGalicianTokenizer' (PLUGIN_LOAD_OK)
92038: Información: Plugin successfully loaded from class 'org.omegat.gui.glossary.TransTipsMarker' (PLUGIN_LOAD_OK)
92038: Información: Plugin successfully loaded from class 'org.omegat.tokenizer.SnowballDutchTokenizer' (PLUGIN_LOAD_OK)
92038: Información: Plugin successfully loaded from class 'org.omegat.tokenizer.SnowballDanishTokenizer' (PLUGIN_LOAD_OK)
92038: Información: Plugin successfully loaded from class 'org.omegat.core.machinetranslators.MyMemoryMachineTranslate' (PLUGIN_LOAD_OK)
92038: Información: Plugin successfully loaded from class 'org.omegat.tokenizer.LuceneThaiTokenizer' (PLUGIN_LOAD_OK)
92038: Información: Plugin successfully loaded from class 'org.omegat.tokenizer.LuceneDanishTokenizer' (PLUGIN_LOAD_OK)
92038: Información: Plugin successfully loaded from class 'org.omegat.tokenizer.LuceneKoreanTokenizer' (PLUGIN_LOAD_OK)
92038: Información: Plugin successfully loaded from class 'org.omegat.filters3.xml.resx.ResXFilter' (PLUGIN_LOAD_OK)
92038: Información: Plugin successfully loaded from class 'org.omegat.tokenizer.SnowballRussianTokenizer' (PLUGIN_LOAD_OK)
92038: Información: Plugin successfully loaded from class 'org.omegat.tokenizer.LuceneSwedishTokenizer' (PLUGIN_LOAD_OK)
92038: Información: Plugin successfully loaded from class 'org.omegat.filters3.xml.flash.FlashFilter' (PLUGIN_LOAD_OK)
92038: Información: Plugin successfully loaded from class 'org.omegat.tokenizer.LuceneArabicTokenizer' (PLUGIN_LOAD_OK)
92038: Información: Plugin successfully loaded from class 'org.omegat.tokenizer.TinySegmenterJapaneseTokenizer' (PLUGIN_LOAD_OK)
92038: Información: Plugin successfully loaded from class 'org.omegat.tokenizer.LuceneRomanianTokenizer' (PLUGIN_LOAD_OK)
92038: Información: Plugin successfully loaded from class 'org.omegat.tokenizer.LuceneHungarianTokenizer' (PLUGIN_LOAD_OK)
92038: Información: Plugin successfully loaded from class 'org.omegat.tokenizer.LuceneArmenianTokenizer' (PLUGIN_LOAD_OK)
92038: Información: Plugin successfully loaded from class 'org.omegat.tokenizer.SnowballEnglishTokenizer' (PLUGIN_LOAD_OK)
92038: Información: Plugin successfully loaded from class 'org.omegat.filters3.xml.openxml.OpenXMLFilter' (PLUGIN_LOAD_OK)
92038: Información: Plugin successfully loaded from class 'org.omegat.tokenizer.DefaultTokenizer' (PLUGIN_LOAD_OK)
92038: Información: Plugin successfully loaded from class 'org.omegat.filters2.text.dokuwiki.DokuWikiFilter' (PLUGIN_LOAD_OK)
92038: Información: Plugin successfully loaded from class 'org.omegat.tokenizer.LuceneCzechTokenizer' (PLUGIN_LOAD_OK)
92038: Información: Plugin successfully loaded from class 'org.omegat.filters3.xml.visio.VisioFilter' (PLUGIN_LOAD_OK)
92038: Información: Plugin successfully loaded from class 'org.omegat.filters3.xml.wix.WiXFilter' (PLUGIN_LOAD_OK)
92038: Información: Plugin successfully loaded from class 'org.omegat.tokenizer.LuceneSpanishTokenizer' (PLUGIN_LOAD_OK)
92038: Información: Plugin successfully loaded from class 'org.omegat.tokenizer.SnowballTurkishTokenizer' (PLUGIN_LOAD_OK)
92038: Información: Plugin successfully loaded from class 'org.omegat.tokenizer.LuceneSmartChineseTokenizer' (PLUGIN_LOAD_OK)
92038: Información: Plugin successfully loaded from class 'org.omegat.tokenizer.LuceneRussianTokenizer' (PLUGIN_LOAD_OK)
92038: Información: Plugin successfully loaded from class 'org.omegat.tokenizer.LuceneBulgarianTokenizer' (PLUGIN_LOAD_OK)
92038: Información: Plugin successfully loaded from class 'org.omegat.tokenizer.LuceneLatvianTokenizer' (PLUGIN_LOAD_OK)
92038: Información: Plugin successfully loaded from class 'org.omegat.core.machinetranslators.MicrosoftTranslate' (PLUGIN_LOAD_OK)
92038: Información: Plugin successfully loaded from class 'org.omegat.tokenizer.SnowballItalianTokenizer' (PLUGIN_LOAD_OK)
92038: Información: Plugin successfully loaded from class 'org.omegat.tokenizer.LuceneHindiTokenizer' (PLUGIN_LOAD_OK)
92038: Información: Plugin successfully loaded from class 'org.omegat.tokenizer.LuceneIrishTokenizer' (PLUGIN_LOAD_OK)
92038: Información: Plugin successfully loaded from class 'org.omegat.filters2.latex.LatexFilter' (PLUGIN_LOAD_OK)
92038: Información: Plugin successfully loaded from class 'org.omegat.filters2.text.bundles.ResourceBundleFilter' (PLUGIN_LOAD_OK)
92038: Información: Plugin successfully loaded from class 'org.omegat.tokenizer.SnowballRomanianTokenizer' (PLUGIN_LOAD_OK)
92038: Información: Plugin successfully loaded from class 'org.omegat.filters3.xml.opendoc.OpenDocFilter' (PLUGIN_LOAD_OK)
92038: Información: Plugin successfully loaded from class 'org.omegat.plugin.machinetranslators.ApertiumTranslate' (PLUGIN_LOAD_OK)
92038: Información: Docking Framework version: 2.1.4 
92038: Precaución: null 
92038: Precaución: java.lang.Exception: Invalid base file. 
92038: Precaución: 	at org.apertium.Translator.setBase(Translator.java:136) 
92038: Precaución: 	at org.omegat.plugin.machinetranslators.ApertiumTranslate.initModes(ApertiumTranslate.java:195) 
92038: Precaución: 	at org.omegat.plugin.machinetranslators.ApertiumTranslate.init(ApertiumTranslate.java:146) 
92038: Precaución: 	at org.omegat.plugin.machinetranslators.ApertiumTranslate.<init>(ApertiumTranslate.java:56) 
92038: Precaución: 	at sun.reflect.NativeConstructorAccessorImpl.newInstance0(Native Method) 
92038: Precaución: 	at sun.reflect.NativeConstructorAccessorImpl.newInstance(NativeConstructorAccessorImpl.java:57) 
92038: Precaución: 	at sun.reflect.DelegatingConstructorAccessorImpl.newInstance(DelegatingConstructorAccessorImpl.java:45) 
92038: Precaución: 	at java.lang.reflect.Constructor.newInstance(Constructor.java:526) 
92038: Precaución: 	at java.lang.Class.newInstance(Class.java:374) 
92038: Precaución: 	at org.omegat.gui.exttrans.MachineTranslateTextArea.<init>(MachineTranslateTextArea.java:78) 
92038: Precaución: 	at org.omegat.core.Core.initializeGUI(Core.java:229) 
92038: Precaución: 	at org.omegat.Main.runGUI(Main.java:256) 
92038: Precaución: 	at org.omegat.Main.main(Main.java:183) 
92038: Información: Evento: inicio de la aplicación (LOG_INFO_EVENT_APPLICATION_STARTUP)
92038: Información: Haz clic en el menú 'projectMenu' (LOG_MENU_CLICK)
92038: Información: Haz clic en el menú 'projectOpenMenuItem' (LOG_MENU_CLICK)
92038: FINE: Disable autosave 
92038: Información: Source tokenizer: org.omegat.tokenizer.LuceneEnglishTokenizer (LUCENE_CURRENT) 
92038: Información: Target tokenizer: org.omegat.tokenizer.LuceneSpanishTokenizer (LUCENE_CURRENT) 
92038: Información: Inicia la carga del proyecto (LOG_DATAENGINE_LOAD_START)
92038: Información: Load project source files: 12762ms 
92038: Información: Leyendo el archivo TMX /home/explorer/Documents/Desarrollo/perlspanish/omegat/project_save.tmx (TMXR_INFO_READING_FILE)
92038: Información: Creado por: OmegaT (TMXR_INFO_CREATION_TOOL)
92038: Información: Versión: 3.1.2 (TMXR_INFO_CREATION_TOOL_VERSION)
92038: Información: Método de segmentación: sentence (TMXR_INFO_SEG_TYPE)
92038: Información: Idioma original: EN-US (TMXR_INFO_SOURCE_LANG)
92038: Información: Se ha completado la lectura del archivo TMX (TMXR_INFO_READING_COMPLETE)
92038: Información: Carga del proyecto completada (LOG_DATAENGINE_LOAD_END)
92038: FINE: Enable autosave 
92038: Información: Evento: cambio en el proyecto - "LOAD" (LOG_INFO_EVENT_PROJECT_CHANGE)
92038: FINER: File '/home/explorer/Documents/Desarrollo/perlspanish/dictionary/es_ES.dic' added 
92038: FINER: File '/home/explorer/Documents/Desarrollo/perlspanish/dictionary/es_ES_739714.dic' added 
92038: FINER: File '/home/explorer/Documents/Desarrollo/perlspanish/dictionary/eng-spa.dict.dz' added 
92038: FINER: File '/home/explorer/Documents/Desarrollo/perlspanish/dictionary/es_ES.aff' added 
92038: FINER: File '/home/explorer/Documents/Desarrollo/perlspanish/dictionary/eng-spa.ifo' added 
92038: FINER: File '/home/explorer/Documents/Desarrollo/perlspanish/glossary/i2e.utf8' added 
92038: Información: Cargando el glosario i2e.utf8 (CT_LOADING_GLOSSARY)
92038: Información: No spell checker loaded 
92038: Información: Loaded dictionary from '/home/explorer/Documents/Desarrollo/perlspanish/dictionary/eng-spa.ifo': 1607ms 
92038: FINER: File '/home/explorer/Documents/Desarrollo/perlspanish/dictionary/eng-spa.idx' added 
92038: FINER: File '/home/explorer/Documents/Desarrollo/perlspanish/dictionary/es_ES_739714.aff' added 
92038: Información: Added 24.701 glossary entries from i2e.utf8 (CT_LOADING_GLOSSARY_DETAILS)
92038: Información: Evento: nueva entrada activa (LOG_INFO_EVENT_ENTRY_ACTIVATED)
92038: FINER: Time for find matches: 12660 
92038: Información: Evento: nuevo archivo activo (perlfunc.pod) (LOG_INFO_EVENT_ENTRY_NEWFILE)
92038: Información: Evento: nueva entrada activa (LOG_INFO_EVENT_ENTRY_ACTIVATED)
92038: FINER: Time for find matches: 132 
92038: FINE: Start project save from SaveThread 
92038: Información: Guardando el proyecto (LOG_DATAENGINE_SAVE_START)
92038: FINE: Disable autosave 
92038: Información: No hay necesidad de guardar el proyecto, porque no se hicieron cambios (LOG_DATAENGINE_SAVE_NONEED)
92038: FINE: Enable autosave 
92038: Información: Proyecto guardado (LOG_DATAENGINE_SAVE_END)
92038: FINE: Finish project save from SaveThread 
92038: Información: Evento: cambio en el proyecto - "SAVE" (LOG_INFO_EVENT_PROJECT_CHANGE)
92038: Información: Haz clic en el menú 'gotoNextUntranslatedMenuItem' (LOG_MENU_CLICK)
92038: Información: Evento: nueva entrada activa (LOG_INFO_EVENT_ENTRY_ACTIVATED)
92038: FINER: Time for find matches: 1530 
92038: Información: Haz clic en el menú 'editOverwriteMachineTranslationMenuItem' (LOG_MENU_CLICK)
92038: Información: Evento: nueva entrada activa (LOG_INFO_EVENT_ENTRY_ACTIVATED)
92038: FINER: Time for find matches: 180 
92038: Información: Haz clic en el menú 'editOverwriteMachineTranslationMenuItem' (LOG_MENU_CLICK)
92038: FINE: Start project save from SaveThread 
92038: Información: Guardando el proyecto (LOG_DATAENGINE_SAVE_START)
92038: FINE: Disable autosave 
92038: FINE: Enable autosave 
92038: Información: Proyecto guardado (LOG_DATAENGINE_SAVE_END)
92038: FINE: Finish project save from SaveThread 
92038: Información: Evento: cambio en el proyecto - "SAVE" (LOG_INFO_EVENT_PROJECT_CHANGE)
92038: Información: Evento: nueva entrada activa (LOG_INFO_EVENT_ENTRY_ACTIVATED)
92038: FINER: Time for find matches: 361 
92038: FINE: Start project save from SaveThread 
92038: Información: Guardando el proyecto (LOG_DATAENGINE_SAVE_START)
92038: FINE: Disable autosave 
92038: Información: Haz clic en el menú 'toolsMenu' (LOG_MENU_CLICK)
92038: Información: Haz clic en el menú 'optionsMenu' (LOG_MENU_CLICK)
92038: FINE: Enable autosave 
92038: Información: Proyecto guardado (LOG_DATAENGINE_SAVE_END)
92038: FINE: Finish project save from SaveThread 
92038: Información: Evento: cambio en el proyecto - "SAVE" (LOG_INFO_EVENT_PROJECT_CHANGE)
92038: Información: Haz clic en el menú 'projectMenu' (LOG_MENU_CLICK)
92038: Información: Haz clic en el menú 'projectEditMenuItem' (LOG_MENU_CLICK)
92038: Información: Evento: nueva entrada activa (LOG_INFO_EVENT_ENTRY_ACTIVATED)
92038: FINER: Time for find matches: 206 
92038: Información: Haz clic en el menú 'optionsMenu' (LOG_MENU_CLICK)
92038: Información: Haz clic en el menú 'optionsMachineTranslateMenu' (LOG_MENU_CLICK)
92038: Información: Haz clic en el menú 'optionsGlossaryMenu' (LOG_MENU_CLICK)
92038: Información: Haz clic en el menú 'optionsTransTipsMenu' (LOG_MENU_CLICK)
92038: Información: Haz clic en el menú 'optionsAutoCompleteMenu' (LOG_MENU_CLICK)
92038: Información: Haz clic en el menú 'optionsViewOptionsMenuItem' (LOG_MENU_CLICK)
92038: Información: Haz clic en el menú 'projectMenu' (LOG_MENU_CLICK)
92038: Información: Haz clic en el menú 'gotoMenu' (LOG_MENU_CLICK)
92038: Información: Haz clic en el menú 'viewMenu' (LOG_MENU_CLICK)
92038: Información: Haz clic en el menú 'toolsMenu' (LOG_MENU_CLICK)
92038: Información: Haz clic en el menú 'optionsMenu' (LOG_MENU_CLICK)
92038: Información: Haz clic en el menú 'optionsMachineTranslateMenu' (LOG_MENU_CLICK)
92038: Información: Haz clic en el menú 'optionsGlossaryMenu' (LOG_MENU_CLICK)
92038: Información: Haz clic en el menú 'optionsTransTipsMenu' (LOG_MENU_CLICK)
92038: Información: Haz clic en el menú 'optionsAutoCompleteMenu' (LOG_MENU_CLICK)
92038: Información: Haz clic en el menú 'optionsAutoCompleteGlossaryMenuItem' (LOG_MENU_CLICK)
92038: Información: Haz clic en el menú 'projectMenu' (LOG_MENU_CLICK)
92038: Información: Haz clic en el menú 'projectEditMenuItem' (LOG_MENU_CLICK)
92038: Información: Evento: nueva entrada activa (LOG_INFO_EVENT_ENTRY_ACTIVATED)
92038: FINER: Time for find matches: 171 
92038: FINE: Start project save from SaveThread 
92038: Información: Guardando el proyecto (LOG_DATAENGINE_SAVE_START)
92038: FINE: Disable autosave 
92038: FINE: Enable autosave 
92038: Información: Proyecto guardado (LOG_DATAENGINE_SAVE_END)
92038: FINE: Finish project save from SaveThread 
92038: Información: Evento: cambio en el proyecto - "SAVE" (LOG_INFO_EVENT_PROJECT_CHANGE)
92038: FINE: Start project save from SaveThread 
92038: Información: Guardando el proyecto (LOG_DATAENGINE_SAVE_START)
92038: FINE: Disable autosave 
92038: Información: No hay necesidad de guardar el proyecto, porque no se hicieron cambios (LOG_DATAENGINE_SAVE_NONEED)
92038: FINE: Enable autosave 
92038: Información: Proyecto guardado (LOG_DATAENGINE_SAVE_END)
92038: FINE: Finish project save from SaveThread 
92038: Información: Evento: cambio en el proyecto - "SAVE" (LOG_INFO_EVENT_PROJECT_CHANGE)
92038: Información: Guardando el proyecto (LOG_DATAENGINE_SAVE_START)
92038: FINE: Disable autosave 
92038: Información: No hay necesidad de guardar el proyecto, porque no se hicieron cambios (LOG_DATAENGINE_SAVE_NONEED)
92038: FINE: Enable autosave 
92038: Información: Proyecto guardado (LOG_DATAENGINE_SAVE_END)
92038: FINE: Disable autosave 
92038: Información: Proyecto cerrado (LOG_DATAENGINE_CLOSE)
92038: FINE: Disable autosave 
92038: Información: Source tokenizer: org.omegat.tokenizer.LuceneEnglishTokenizer (LUCENE_CURRENT) 
92038: Información: Target tokenizer: org.omegat.tokenizer.LuceneSpanishTokenizer (LUCENE_CURRENT) 
92038: Información: Inicia la carga del proyecto (LOG_DATAENGINE_LOAD_START)
92038: Información: Evento: cambio en el proyecto - "SAVE" (LOG_INFO_EVENT_PROJECT_CHANGE)
92038: Información: Evento: cambio en el proyecto - "CLOSE" (LOG_INFO_EVENT_PROJECT_CHANGE)
92038: Información: Load project source files: 10011ms 
92038: Información: Leyendo el archivo TMX /home/explorer/Documents/Desarrollo/perlspanish/omegat/project_save.tmx (TMXR_INFO_READING_FILE)
92038: Información: Creado por: OmegaT (TMXR_INFO_CREATION_TOOL)
92038: Información: Versión: 3.1.2 (TMXR_INFO_CREATION_TOOL_VERSION)
92038: Información: Método de segmentación: sentence (TMXR_INFO_SEG_TYPE)
92038: Información: Idioma original: EN-US (TMXR_INFO_SOURCE_LANG)
92038: Información: Se ha completado la lectura del archivo TMX (TMXR_INFO_READING_COMPLETE)
92038: Información: Carga del proyecto completada (LOG_DATAENGINE_LOAD_END)
92038: FINE: Enable autosave 
92038: Información: Evento: cambio en el proyecto - "LOAD" (LOG_INFO_EVENT_PROJECT_CHANGE)
92038: Información: No spell checker loaded 
92038: FINER: File '/home/explorer/Documents/Desarrollo/perlspanish/glossary/i2e.utf8' added 
92038: Información: Cargando el glosario i2e.utf8 (CT_LOADING_GLOSSARY)
92038: FINER: File '/home/explorer/Documents/Desarrollo/perlspanish/dictionary/es_ES.dic' added 
92038: FINER: File '/home/explorer/Documents/Desarrollo/perlspanish/dictionary/es_ES_739714.dic' added 
92038: FINER: File '/home/explorer/Documents/Desarrollo/perlspanish/dictionary/eng-spa.dict.dz' added 
92038: FINER: File '/home/explorer/Documents/Desarrollo/perlspanish/dictionary/es_ES.aff' added 
92038: FINER: File '/home/explorer/Documents/Desarrollo/perlspanish/dictionary/eng-spa.ifo' added 
92038: Información: Added 24.701 glossary entries from i2e.utf8 (CT_LOADING_GLOSSARY_DETAILS)
92038: Información: Loaded dictionary from '/home/explorer/Documents/Desarrollo/perlspanish/dictionary/eng-spa.ifo': 119ms 
92038: FINER: File '/home/explorer/Documents/Desarrollo/perlspanish/dictionary/eng-spa.idx' added 
92038: FINER: File '/home/explorer/Documents/Desarrollo/perlspanish/dictionary/es_ES_739714.aff' added 
92038: Información: Evento: nueva entrada activa (LOG_INFO_EVENT_ENTRY_ACTIVATED)
92038: FINER: Time for find matches: 8152 
92038: Información: Evento: nueva entrada activa (LOG_INFO_EVENT_ENTRY_ACTIVATED)
92038: FINER: Time for find matches: 244 
92038: Información: Evento: nueva entrada activa (LOG_INFO_EVENT_ENTRY_ACTIVATED)
92038: FINER: Time for find matches: 74 
92038: Información: Evento: nueva entrada activa (LOG_INFO_EVENT_ENTRY_ACTIVATED)
92038: FINER: Time for find matches: 60 
92038: Información: Haz clic en el menú 'projectMenu' (LOG_MENU_CLICK)
92038: Información: Haz clic en el menú 'projectExitMenuItem' (LOG_MENU_CLICK)
92038: Información: Guardando el proyecto (LOG_DATAENGINE_SAVE_START)
92038: FINE: Disable autosave 
92038: Información: No hay necesidad de guardar el proyecto, porque no se hicieron cambios (LOG_DATAENGINE_SAVE_NONEED)
92038: FINE: Enable autosave 
92038: Información: Proyecto guardado (LOG_DATAENGINE_SAVE_END)
92038: Información: Evento: cierre de la aplicación (LOG_INFO_EVENT_APPLICATION_SHUTDOWN)
92038: Información: Evento: cambio en el proyecto - "SAVE" (LOG_INFO_EVENT_PROJECT_CHANGE)
34565: Información: =================================================================== 
34565: Información: OmegaT-3.1.2 (Fri Sep 05 15:04:28 CEST 2014)  Locale es_ES 
34565: Información: Java: Oracle Corporation ver. 1.7.0_55, ejecutado desde '/usr/lib/jvm/java-7-openjdk-amd64/jre' (LOG_STARTUP_INFO)
34565: Información: Jar used for plugins: file:/home/explorer/Documents/Desarrollo/perlspanish/software/OmegaT/plugins/apertium-omegat.jar (PLUGIN_LOAD_JAR)
34565: Información: Plugin successfully loaded from class 'org.omegat.languagetools.LanguageToolWrapper' (PLUGIN_LOAD_OK)
34565: Información: Plugin successfully loaded from class 'org.omegat.filters3.xml.xliff.XLIFFFilter' (PLUGIN_LOAD_OK)
34565: Información: Plugin successfully loaded from class 'org.omegat.filters2.text.TextFilter' (PLUGIN_LOAD_OK)
34565: Información: Plugin successfully loaded from class 'org.omegat.tokenizer.LuceneEnglishTokenizer' (PLUGIN_LOAD_OK)
34565: Información: Plugin successfully loaded from class 'org.omegat.core.machinetranslators.BelazarTranslate' (PLUGIN_LOAD_OK)
34565: Información: Plugin successfully loaded from class 'org.omegat.gui.scripting.ScriptingWindow' (PLUGIN_LOAD_OK)
34565: Precaución: TaaS API key not found. Go to https://demo.taas-project.eu/account/keys/create?system=omegaT to create your own key then give it to OmegaT with -Dtaas.user.key=xxxxx (TAAS_API_KEY_NOT_FOUND)
34565: Información: Plugin successfully loaded from class 'org.omegat.gui.glossary.taas.TaaSPlugin' (PLUGIN_LOAD_OK)
34565: Información: Plugin successfully loaded from class 'org.omegat.tokenizer.LuceneCJKTokenizer' (PLUGIN_LOAD_OK)
34565: Información: Plugin successfully loaded from class 'org.omegat.tokenizer.LuceneCatalanTokenizer' (PLUGIN_LOAD_OK)
34565: Información: Plugin successfully loaded from class 'org.omegat.filters3.xml.android.AndroidFilter' (PLUGIN_LOAD_OK)
34565: Información: Plugin successfully loaded from class 'org.omegat.tokenizer.LuceneNorwegianTokenizer' (PLUGIN_LOAD_OK)
34565: Información: Plugin successfully loaded from class 'org.omegat.tokenizer.SnowballFrenchTokenizer' (PLUGIN_LOAD_OK)
34565: Información: Plugin successfully loaded from class 'org.omegat.filters2.rc.RcFilter' (PLUGIN_LOAD_OK)
34565: Información: Plugin successfully loaded from class 'org.omegat.filters2.mozlang.MozillaLangFilter' (PLUGIN_LOAD_OK)
34565: Información: Plugin successfully loaded from class 'org.omegat.filters3.xml.infix.InfixFilter' (PLUGIN_LOAD_OK)
34565: Información: Plugin successfully loaded from class 'org.omegat.filters3.xml.l10nmgr.L10nmgrFilter' (PLUGIN_LOAD_OK)
34565: Información: Plugin successfully loaded from class 'org.omegat.tokenizer.LuceneTurkishTokenizer' (PLUGIN_LOAD_OK)
34565: Información: Plugin successfully loaded from class 'org.omegat.tokenizer.SnowballPortugueseTokenizer' (PLUGIN_LOAD_OK)
34565: Información: Plugin successfully loaded from class 'org.omegat.filters3.xml.helpandmanual.HelpAndManualFilter' (PLUGIN_LOAD_OK)
34565: Información: Plugin successfully loaded from class 'org.omegat.filters2.xtagqxp.XtagFilter' (PLUGIN_LOAD_OK)
34565: Información: Plugin successfully loaded from class 'org.omegat.tokenizer.SnowballPorterTokenizer' (PLUGIN_LOAD_OK)
34565: Información: Plugin successfully loaded from class 'org.omegat.filters2.text.magento.MagentoFilter' (PLUGIN_LOAD_OK)
34565: Información: Plugin successfully loaded from class 'org.omegat.filters2.pdf.PdfFilter' (PLUGIN_LOAD_OK)
34565: Información: Plugin successfully loaded from class 'org.omegat.tokenizer.LuceneItalianTokenizer' (PLUGIN_LOAD_OK)
34565: Información: Plugin successfully loaded from class 'org.omegat.filters2.text.ini.INIFilter' (PLUGIN_LOAD_OK)
34565: Información: Plugin successfully loaded from class 'org.omegat.filters3.xml.xhtml.XHTMLFilter' (PLUGIN_LOAD_OK)
34565: Información: Plugin successfully loaded from class 'org.omegat.tokenizer.LuceneBasqueTokenizer' (PLUGIN_LOAD_OK)
34565: Información: Plugin successfully loaded from class 'org.omegat.tokenizer.LuceneGermanTokenizer' (PLUGIN_LOAD_OK)
34565: Información: Plugin successfully loaded from class 'org.omegat.gui.editor.mark.ComesFromTMMarker' (PLUGIN_LOAD_OK)
34565: Información: Plugin successfully loaded from class 'org.omegat.filters3.xml.svg.SvgFilter' (PLUGIN_LOAD_OK)
34565: Información: Plugin successfully loaded from class 'org.omegat.filters3.xml.docbook.DocBookFilter' (PLUGIN_LOAD_OK)
34565: Información: Plugin successfully loaded from class 'org.omegat.core.machinetranslators.Google2Translate' (PLUGIN_LOAD_OK)
34565: Información: Plugin successfully loaded from class 'org.omegat.tokenizer.SnowballHungarianTokenizer' (PLUGIN_LOAD_OK)
34565: Información: Plugin successfully loaded from class 'org.omegat.tokenizer.LucenePersianTokenizer' (PLUGIN_LOAD_OK)
34565: Información: Plugin successfully loaded from class 'org.omegat.tokenizer.LuceneBrazilianTokenizer' (PLUGIN_LOAD_OK)
34565: Información: Plugin successfully loaded from class 'org.omegat.core.machinetranslators.MyMemoryHumanTranslate' (PLUGIN_LOAD_OK)
34565: Información: Plugin successfully loaded from class 'org.omegat.tokenizer.LuceneJapaneseTokenizer' (PLUGIN_LOAD_OK)
34565: Información: Plugin successfully loaded from class 'org.omegat.filters3.xml.camtasiawindows.CamtasiaWindowsFilter' (PLUGIN_LOAD_OK)
34565: Información: Plugin successfully loaded from class 'org.omegat.core.machinetranslators.ApertiumTranslate' (PLUGIN_LOAD_OK)
34565: Información: Plugin successfully loaded from class 'org.omegat.core.spellchecker.SpellCheckerMarker' (PLUGIN_LOAD_OK)
34565: Información: Plugin successfully loaded from class 'org.omegat.filters2.html2.HTMLFilter2' (PLUGIN_LOAD_OK)
34565: Información: Plugin successfully loaded from class 'org.omegat.filters2.subtitles.SrtFilter' (PLUGIN_LOAD_OK)
34565: Información: Plugin successfully loaded from class 'org.omegat.filters2.mozdtd.MozillaDTDFilter' (PLUGIN_LOAD_OK)
34565: Información: Plugin successfully loaded from class 'org.omegat.tokenizer.LuceneDutchTokenizer' (PLUGIN_LOAD_OK)
34565: Información: Plugin successfully loaded from class 'org.omegat.tokenizer.LuceneChineseTokenizer' (PLUGIN_LOAD_OK)
34565: Información: Plugin successfully loaded from class 'org.omegat.tokenizer.LuceneGreekTokenizer' (PLUGIN_LOAD_OK)
34565: Información: Plugin successfully loaded from class 'org.omegat.tokenizer.LuceneFrenchTokenizer' (PLUGIN_LOAD_OK)
34565: Información: Plugin successfully loaded from class 'org.omegat.tokenizer.SnowballGerman2Tokenizer' (PLUGIN_LOAD_OK)
34565: Información: Plugin successfully loaded from class 'org.omegat.filters3.xml.typo3.Typo3Filter' (PLUGIN_LOAD_OK)
34565: Información: Plugin successfully loaded from class 'org.omegat.tokenizer.SnowballFinnishTokenizer' (PLUGIN_LOAD_OK)
34565: Información: Plugin successfully loaded from class 'org.omegat.tokenizer.LuceneFinnishTokenizer' (PLUGIN_LOAD_OK)
34565: Información: Plugin successfully loaded from class 'org.omegat.tokenizer.SnowballSpanishTokenizer' (PLUGIN_LOAD_OK)
34565: Información: Plugin successfully loaded from class 'org.omegat.tokenizer.SnowballGermanTokenizer' (PLUGIN_LOAD_OK)
34565: Información: Plugin successfully loaded from class 'org.omegat.tokenizer.LuceneIndonesianTokenizer' (PLUGIN_LOAD_OK)
34565: Información: Plugin successfully loaded from class 'org.omegat.filters2.hhc.HHCFilter2' (PLUGIN_LOAD_OK)
34565: Información: Plugin successfully loaded from class 'org.omegat.tokenizer.SnowballNorwegianTokenizer' (PLUGIN_LOAD_OK)
34565: Información: Plugin successfully loaded from class 'org.omegat.filters2.po.PoFilter' (PLUGIN_LOAD_OK)
34565: Información: Plugin successfully loaded from class 'org.omegat.filters3.xml.txml.TXMLFilter' (PLUGIN_LOAD_OK)
34565: Información: Plugin successfully loaded from class 'org.omegat.tokenizer.SnowballSwedishTokenizer' (PLUGIN_LOAD_OK)
34565: Información: Plugin successfully loaded from class 'org.omegat.tokenizer.LucenePortugueseTokenizer' (PLUGIN_LOAD_OK)
34565: Información: Plugin successfully loaded from class 'org.omegat.tokenizer.HunspellTokenizer' (PLUGIN_LOAD_OK)
34565: Información: Plugin successfully loaded from class 'org.omegat.tokenizer.LuceneGalicianTokenizer' (PLUGIN_LOAD_OK)
34565: Información: Plugin successfully loaded from class 'org.omegat.gui.glossary.TransTipsMarker' (PLUGIN_LOAD_OK)
34565: Información: Plugin successfully loaded from class 'org.omegat.tokenizer.SnowballDutchTokenizer' (PLUGIN_LOAD_OK)
34565: Información: Plugin successfully loaded from class 'org.omegat.tokenizer.SnowballDanishTokenizer' (PLUGIN_LOAD_OK)
34565: Información: Plugin successfully loaded from class 'org.omegat.core.machinetranslators.MyMemoryMachineTranslate' (PLUGIN_LOAD_OK)
34565: Información: Plugin successfully loaded from class 'org.omegat.tokenizer.LuceneThaiTokenizer' (PLUGIN_LOAD_OK)
34565: Información: Plugin successfully loaded from class 'org.omegat.tokenizer.LuceneDanishTokenizer' (PLUGIN_LOAD_OK)
34565: Información: Plugin successfully loaded from class 'org.omegat.tokenizer.LuceneKoreanTokenizer' (PLUGIN_LOAD_OK)
34565: Información: Plugin successfully loaded from class 'org.omegat.filters3.xml.resx.ResXFilter' (PLUGIN_LOAD_OK)
34565: Información: Plugin successfully loaded from class 'org.omegat.tokenizer.SnowballRussianTokenizer' (PLUGIN_LOAD_OK)
34565: Información: Plugin successfully loaded from class 'org.omegat.tokenizer.LuceneSwedishTokenizer' (PLUGIN_LOAD_OK)
34565: Información: Plugin successfully loaded from class 'org.omegat.filters3.xml.flash.FlashFilter' (PLUGIN_LOAD_OK)
34565: Información: Plugin successfully loaded from class 'org.omegat.tokenizer.LuceneArabicTokenizer' (PLUGIN_LOAD_OK)
34565: Información: Plugin successfully loaded from class 'org.omegat.tokenizer.TinySegmenterJapaneseTokenizer' (PLUGIN_LOAD_OK)
34565: Información: Plugin successfully loaded from class 'org.omegat.tokenizer.LuceneRomanianTokenizer' (PLUGIN_LOAD_OK)
34565: Información: Plugin successfully loaded from class 'org.omegat.tokenizer.LuceneHungarianTokenizer' (PLUGIN_LOAD_OK)
34565: Información: Plugin successfully loaded from class 'org.omegat.tokenizer.LuceneArmenianTokenizer' (PLUGIN_LOAD_OK)
34565: Información: Plugin successfully loaded from class 'org.omegat.tokenizer.SnowballEnglishTokenizer' (PLUGIN_LOAD_OK)
34565: Información: Plugin successfully loaded from class 'org.omegat.filters3.xml.openxml.OpenXMLFilter' (PLUGIN_LOAD_OK)
34565: Información: Plugin successfully loaded from class 'org.omegat.tokenizer.DefaultTokenizer' (PLUGIN_LOAD_OK)
34565: Información: Plugin successfully loaded from class 'org.omegat.filters2.text.dokuwiki.DokuWikiFilter' (PLUGIN_LOAD_OK)
34565: Información: Plugin successfully loaded from class 'org.omegat.tokenizer.LuceneCzechTokenizer' (PLUGIN_LOAD_OK)
34565: Información: Plugin successfully loaded from class 'org.omegat.filters3.xml.visio.VisioFilter' (PLUGIN_LOAD_OK)
34565: Información: Plugin successfully loaded from class 'org.omegat.filters3.xml.wix.WiXFilter' (PLUGIN_LOAD_OK)
34565: Información: Plugin successfully loaded from class 'org.omegat.tokenizer.LuceneSpanishTokenizer' (PLUGIN_LOAD_OK)
34565: Información: Plugin successfully loaded from class 'org.omegat.tokenizer.SnowballTurkishTokenizer' (PLUGIN_LOAD_OK)
34565: Información: Plugin successfully loaded from class 'org.omegat.tokenizer.LuceneSmartChineseTokenizer' (PLUGIN_LOAD_OK)
34565: Información: Plugin successfully loaded from class 'org.omegat.tokenizer.LuceneRussianTokenizer' (PLUGIN_LOAD_OK)
34565: Información: Plugin successfully loaded from class 'org.omegat.tokenizer.LuceneBulgarianTokenizer' (PLUGIN_LOAD_OK)
34565: Información: Plugin successfully loaded from class 'org.omegat.tokenizer.LuceneLatvianTokenizer' (PLUGIN_LOAD_OK)
34565: Información: Plugin successfully loaded from class 'org.omegat.core.machinetranslators.MicrosoftTranslate' (PLUGIN_LOAD_OK)
34565: Información: Plugin successfully loaded from class 'org.omegat.tokenizer.SnowballItalianTokenizer' (PLUGIN_LOAD_OK)
34565: Información: Plugin successfully loaded from class 'org.omegat.tokenizer.LuceneHindiTokenizer' (PLUGIN_LOAD_OK)
34565: Información: Plugin successfully loaded from class 'org.omegat.tokenizer.LuceneIrishTokenizer' (PLUGIN_LOAD_OK)
34565: Información: Plugin successfully loaded from class 'org.omegat.filters2.latex.LatexFilter' (PLUGIN_LOAD_OK)
34565: Información: Plugin successfully loaded from class 'org.omegat.filters2.text.bundles.ResourceBundleFilter' (PLUGIN_LOAD_OK)
34565: Información: Plugin successfully loaded from class 'org.omegat.tokenizer.SnowballRomanianTokenizer' (PLUGIN_LOAD_OK)
34565: Información: Plugin successfully loaded from class 'org.omegat.filters3.xml.opendoc.OpenDocFilter' (PLUGIN_LOAD_OK)
34565: Información: Plugin successfully loaded from class 'org.omegat.plugin.machinetranslators.ApertiumTranslate' (PLUGIN_LOAD_OK)
34565: Información: Docking Framework version: 2.1.4 
34565: Precaución: null 
34565: Precaución: java.lang.Exception: Invalid base file. 
34565: Precaución: 	at org.apertium.Translator.setBase(Translator.java:136) 
34565: Precaución: 	at org.omegat.plugin.machinetranslators.ApertiumTranslate.initModes(ApertiumTranslate.java:195) 
34565: Precaución: 	at org.omegat.plugin.machinetranslators.ApertiumTranslate.init(ApertiumTranslate.java:146) 
34565: Precaución: 	at org.omegat.plugin.machinetranslators.ApertiumTranslate.<init>(ApertiumTranslate.java:56) 
34565: Precaución: 	at sun.reflect.NativeConstructorAccessorImpl.newInstance0(Native Method) 
34565: Precaución: 	at sun.reflect.NativeConstructorAccessorImpl.newInstance(NativeConstructorAccessorImpl.java:57) 
34565: Precaución: 	at sun.reflect.DelegatingConstructorAccessorImpl.newInstance(DelegatingConstructorAccessorImpl.java:45) 
34565: Precaución: 	at java.lang.reflect.Constructor.newInstance(Constructor.java:526) 
34565: Precaución: 	at java.lang.Class.newInstance(Class.java:374) 
34565: Precaución: 	at org.omegat.gui.exttrans.MachineTranslateTextArea.<init>(MachineTranslateTextArea.java:78) 
34565: Precaución: 	at org.omegat.core.Core.initializeGUI(Core.java:229) 
34565: Precaución: 	at org.omegat.Main.runGUI(Main.java:256) 
34565: Precaución: 	at org.omegat.Main.main(Main.java:183) 
34565: Información: Evento: inicio de la aplicación (LOG_INFO_EVENT_APPLICATION_STARTUP)
34565: Información: Evento: cierre de la aplicación (LOG_INFO_EVENT_APPLICATION_SHUTDOWN)
20390: Información: =================================================================== 
20390: Información: OmegaT-3.1.9_4 (Thu Apr 28 19:53:13 CEST 2016)  Locale es_ES 
20390: Información: Java: Oracle Corporation ver. 1.8.0_40, ejecutado desde '/home/explorer/Documentos/Desarrollo/perlspanish/software/OmegaT/jre' (LOG_STARTUP_INFO)
20390: Información: Jar used for plugins: file:/home/explorer/Documentos/Desarrollo/perlspanish/software/OmegaT/plugins/apertium-omegat.jar (PLUGIN_LOAD_JAR)
20390: Información: Plugin successfully loaded from class 'org.omegat.languagetools.LanguageToolWrapper' (PLUGIN_LOAD_OK)
20390: Información: Plugin successfully loaded from class 'org.omegat.filters3.xml.xliff.XLIFFFilter' (PLUGIN_LOAD_OK)
20390: Información: Plugin successfully loaded from class 'org.omegat.filters2.text.TextFilter' (PLUGIN_LOAD_OK)
20390: Información: Plugin successfully loaded from class 'org.omegat.tokenizer.LuceneEnglishTokenizer' (PLUGIN_LOAD_OK)
20390: Información: Plugin successfully loaded from class 'org.omegat.core.machinetranslators.BelazarTranslate' (PLUGIN_LOAD_OK)
20390: Información: Plugin successfully loaded from class 'org.omegat.gui.scripting.ScriptingWindow' (PLUGIN_LOAD_OK)
20390: Precaución: TaaS API key not found. Go to https://demo.taas-project.eu/account/keys/create?system=omegaT to create your own key then give it to OmegaT with -Dtaas.user.key=xxxxx (TAAS_API_KEY_NOT_FOUND)
20390: Información: Plugin successfully loaded from class 'org.omegat.gui.glossary.taas.TaaSPlugin' (PLUGIN_LOAD_OK)
20390: Información: Plugin successfully loaded from class 'org.omegat.tokenizer.SnowballRussianTokenizer' (PLUGIN_LOAD_OK)
20390: Información: Plugin successfully loaded from class 'org.omegat.filters3.xml.infix.InfixFilter' (PLUGIN_LOAD_OK)
20390: Información: Plugin successfully loaded from class 'org.omegat.tokenizer.LuceneRussianTokenizer' (PLUGIN_LOAD_OK)
20390: Información: Plugin successfully loaded from class 'org.omegat.tokenizer.LuceneSmartChineseTokenizer' (PLUGIN_LOAD_OK)
20390: Información: Plugin successfully loaded from class 'org.omegat.tokenizer.LuceneThaiTokenizer' (PLUGIN_LOAD_OK)
20390: Información: Plugin successfully loaded from class 'org.omegat.filters2.text.ini.INIFilter' (PLUGIN_LOAD_OK)
20390: Información: Plugin successfully loaded from class 'org.omegat.filters3.xml.openxml.OpenXMLFilter' (PLUGIN_LOAD_OK)
20390: Información: Plugin successfully loaded from class 'org.omegat.tokenizer.LuceneLatvianTokenizer' (PLUGIN_LOAD_OK)
20390: Información: Plugin successfully loaded from class 'org.omegat.tokenizer.LuceneCatalanTokenizer' (PLUGIN_LOAD_OK)
20390: Información: Plugin successfully loaded from class 'org.omegat.tokenizer.LuceneBrazilianTokenizer' (PLUGIN_LOAD_OK)
20390: Información: Plugin successfully loaded from class 'org.omegat.filters3.xml.resx.ResXFilter' (PLUGIN_LOAD_OK)
20390: Información: Plugin successfully loaded from class 'org.omegat.filters3.xml.xhtml.XHTMLFilter' (PLUGIN_LOAD_OK)
20390: Información: Plugin successfully loaded from class 'org.omegat.filters3.xml.visio.VisioFilter' (PLUGIN_LOAD_OK)
20390: Información: Plugin successfully loaded from class 'org.omegat.filters3.xml.android.AndroidFilter' (PLUGIN_LOAD_OK)
20390: Información: Plugin successfully loaded from class 'org.omegat.tokenizer.LuceneGermanTokenizer' (PLUGIN_LOAD_OK)
20390: Información: Plugin successfully loaded from class 'org.omegat.filters2.xtagqxp.XtagFilter' (PLUGIN_LOAD_OK)
20390: Información: Plugin successfully loaded from class 'org.omegat.tokenizer.SnowballHungarianTokenizer' (PLUGIN_LOAD_OK)
20390: Información: Plugin successfully loaded from class 'org.omegat.tokenizer.LuceneNorwegianTokenizer' (PLUGIN_LOAD_OK)
20390: Información: Plugin successfully loaded from class 'org.omegat.filters2.hhc.HHCFilter2' (PLUGIN_LOAD_OK)
20390: Información: Plugin successfully loaded from class 'org.omegat.core.machinetranslators.MyMemoryMachineTranslate' (PLUGIN_LOAD_OK)
20390: Información: Plugin successfully loaded from class 'org.omegat.tokenizer.LuceneCJKTokenizer' (PLUGIN_LOAD_OK)
20390: Información: Plugin successfully loaded from class 'org.omegat.tokenizer.LuceneCzechTokenizer' (PLUGIN_LOAD_OK)
20390: Información: Plugin successfully loaded from class 'org.omegat.tokenizer.SnowballFinnishTokenizer' (PLUGIN_LOAD_OK)
20390: Información: Plugin successfully loaded from class 'org.omegat.filters3.xml.flash.FlashFilter' (PLUGIN_LOAD_OK)
20390: Información: Plugin successfully loaded from class 'org.omegat.filters2.html2.HTMLFilter2' (PLUGIN_LOAD_OK)
20390: Información: Plugin successfully loaded from class 'org.omegat.tokenizer.SnowballItalianTokenizer' (PLUGIN_LOAD_OK)
20390: Información: Plugin successfully loaded from class 'org.omegat.tokenizer.LuceneBasqueTokenizer' (PLUGIN_LOAD_OK)
20390: Información: Plugin successfully loaded from class 'org.omegat.tokenizer.LuceneSwedishTokenizer' (PLUGIN_LOAD_OK)
20390: Información: Plugin successfully loaded from class 'org.omegat.filters2.latex.LatexFilter' (PLUGIN_LOAD_OK)
20390: Información: Plugin successfully loaded from class 'org.omegat.tokenizer.SnowballGerman2Tokenizer' (PLUGIN_LOAD_OK)
20390: Información: Plugin successfully loaded from class 'org.omegat.tokenizer.LuceneGalicianTokenizer' (PLUGIN_LOAD_OK)
20390: Información: Plugin successfully loaded from class 'org.omegat.tokenizer.LuceneTurkishTokenizer' (PLUGIN_LOAD_OK)
20390: Información: Plugin successfully loaded from class 'org.omegat.tokenizer.SnowballNorwegianTokenizer' (PLUGIN_LOAD_OK)
20390: Información: Plugin successfully loaded from class 'org.omegat.tokenizer.SnowballPorterTokenizer' (PLUGIN_LOAD_OK)
20390: Información: Plugin successfully loaded from class 'org.omegat.tokenizer.HunspellTokenizer' (PLUGIN_LOAD_OK)
20390: Información: Plugin successfully loaded from class 'org.omegat.tokenizer.LuceneDanishTokenizer' (PLUGIN_LOAD_OK)
20390: Información: Plugin successfully loaded from class 'org.omegat.tokenizer.SnowballFrenchTokenizer' (PLUGIN_LOAD_OK)
20390: Información: Plugin successfully loaded from class 'org.omegat.tokenizer.LucenePersianTokenizer' (PLUGIN_LOAD_OK)
20390: Información: Plugin successfully loaded from class 'org.omegat.filters3.xml.camtasiawindows.CamtasiaWindowsFilter' (PLUGIN_LOAD_OK)
20390: Información: Plugin successfully loaded from class 'org.omegat.tokenizer.SnowballGermanTokenizer' (PLUGIN_LOAD_OK)
20390: Información: Plugin successfully loaded from class 'org.omegat.core.spellchecker.SpellCheckerMarker' (PLUGIN_LOAD_OK)
20390: Información: Plugin successfully loaded from class 'org.omegat.filters3.xml.docbook.DocBookFilter' (PLUGIN_LOAD_OK)
20390: Información: Plugin successfully loaded from class 'org.omegat.tokenizer.SnowballSpanishTokenizer' (PLUGIN_LOAD_OK)
20390: Información: Plugin successfully loaded from class 'org.omegat.filters2.pdf.PdfFilter' (PLUGIN_LOAD_OK)
20390: Información: Plugin successfully loaded from class 'org.omegat.filters2.subtitles.SrtFilter' (PLUGIN_LOAD_OK)
20390: Información: Plugin successfully loaded from class 'org.omegat.filters3.xml.svg.SvgFilter' (PLUGIN_LOAD_OK)
20390: Información: Plugin successfully loaded from class 'org.omegat.core.machinetranslators.ApertiumTranslate' (PLUGIN_LOAD_OK)
20390: Información: Plugin successfully loaded from class 'org.omegat.filters2.mozlang.MozillaLangFilter' (PLUGIN_LOAD_OK)
20390: Información: Plugin successfully loaded from class 'org.omegat.core.machinetranslators.MyMemoryHumanTranslate' (PLUGIN_LOAD_OK)
20390: Información: Plugin successfully loaded from class 'org.omegat.filters3.xml.txml.TXMLFilter' (PLUGIN_LOAD_OK)
20390: Información: Plugin successfully loaded from class 'org.omegat.tokenizer.LuceneSpanishTokenizer' (PLUGIN_LOAD_OK)
20390: Información: Plugin successfully loaded from class 'org.omegat.tokenizer.LucenePortugueseTokenizer' (PLUGIN_LOAD_OK)
20390: Información: Plugin successfully loaded from class 'org.omegat.tokenizer.SnowballDutchTokenizer' (PLUGIN_LOAD_OK)
20390: Información: Plugin successfully loaded from class 'org.omegat.filters2.mozdtd.MozillaDTDFilter' (PLUGIN_LOAD_OK)
20390: Información: Plugin successfully loaded from class 'org.omegat.tokenizer.LuceneHindiTokenizer' (PLUGIN_LOAD_OK)
20390: Información: Plugin successfully loaded from class 'org.omegat.tokenizer.LuceneBulgarianTokenizer' (PLUGIN_LOAD_OK)
20390: Información: Plugin successfully loaded from class 'org.omegat.filters3.xml.wix.WiXFilter' (PLUGIN_LOAD_OK)
20390: Información: Plugin successfully loaded from class 'org.omegat.tokenizer.LuceneKoreanTokenizer' (PLUGIN_LOAD_OK)
20390: Información: Plugin successfully loaded from class 'org.omegat.tokenizer.DefaultTokenizer' (PLUGIN_LOAD_OK)
20390: Información: Plugin successfully loaded from class 'org.omegat.tokenizer.SnowballEnglishTokenizer' (PLUGIN_LOAD_OK)
20390: Información: Plugin successfully loaded from class 'org.omegat.filters3.xml.l10nmgr.L10nmgrFilter' (PLUGIN_LOAD_OK)
20390: Información: Plugin successfully loaded from class 'org.omegat.filters3.xml.helpandmanual.HelpAndManualFilter' (PLUGIN_LOAD_OK)
20390: Información: Plugin successfully loaded from class 'org.omegat.tokenizer.LuceneJapaneseTokenizer' (PLUGIN_LOAD_OK)
20390: Información: Plugin successfully loaded from class 'org.omegat.tokenizer.SnowballPortugueseTokenizer' (PLUGIN_LOAD_OK)
20390: Información: Plugin successfully loaded from class 'org.omegat.filters2.po.PoFilter' (PLUGIN_LOAD_OK)
20390: Información: Plugin successfully loaded from class 'org.omegat.tokenizer.SnowballDanishTokenizer' (PLUGIN_LOAD_OK)
20390: Información: Plugin successfully loaded from class 'org.omegat.core.machinetranslators.Google2Translate' (PLUGIN_LOAD_OK)
20390: Información: Plugin successfully loaded from class 'org.omegat.core.machinetranslators.YandexTranslate' (PLUGIN_LOAD_OK)
20390: Información: Plugin successfully loaded from class 'org.omegat.filters2.text.magento.MagentoFilter' (PLUGIN_LOAD_OK)
20390: Información: Plugin successfully loaded from class 'org.omegat.tokenizer.LuceneItalianTokenizer' (PLUGIN_LOAD_OK)
20390: Información: Plugin successfully loaded from class 'org.omegat.tokenizer.LuceneFinnishTokenizer' (PLUGIN_LOAD_OK)
20390: Información: Plugin successfully loaded from class 'org.omegat.tokenizer.SnowballSwedishTokenizer' (PLUGIN_LOAD_OK)
20390: Información: Plugin successfully loaded from class 'org.omegat.tokenizer.LuceneHungarianTokenizer' (PLUGIN_LOAD_OK)
20390: Información: Plugin successfully loaded from class 'org.omegat.tokenizer.SnowballTurkishTokenizer' (PLUGIN_LOAD_OK)
20390: Información: Plugin successfully loaded from class 'org.omegat.tokenizer.LuceneFrenchTokenizer' (PLUGIN_LOAD_OK)
20390: Información: Plugin successfully loaded from class 'org.omegat.tokenizer.LuceneChineseTokenizer' (PLUGIN_LOAD_OK)
20390: Información: Plugin successfully loaded from class 'org.omegat.tokenizer.LuceneRomanianTokenizer' (PLUGIN_LOAD_OK)
20390: Información: Plugin successfully loaded from class 'org.omegat.filters2.rc.RcFilter' (PLUGIN_LOAD_OK)
20390: Información: Plugin successfully loaded from class 'org.omegat.filters2.text.bundles.ResourceBundleFilter' (PLUGIN_LOAD_OK)
20390: Información: Plugin successfully loaded from class 'org.omegat.filters2.text.dokuwiki.DokuWikiFilter' (PLUGIN_LOAD_OK)
20390: Información: Plugin successfully loaded from class 'org.omegat.tokenizer.SnowballRomanianTokenizer' (PLUGIN_LOAD_OK)
20390: Información: Plugin successfully loaded from class 'org.omegat.gui.glossary.TransTipsMarker' (PLUGIN_LOAD_OK)
20390: Información: Plugin successfully loaded from class 'org.omegat.tokenizer.LuceneIrishTokenizer' (PLUGIN_LOAD_OK)
20390: Información: Plugin successfully loaded from class 'org.omegat.tokenizer.LuceneIndonesianTokenizer' (PLUGIN_LOAD_OK)
20390: Información: Plugin successfully loaded from class 'org.omegat.tokenizer.LuceneGreekTokenizer' (PLUGIN_LOAD_OK)
20390: Información: Plugin successfully loaded from class 'org.omegat.tokenizer.LuceneArabicTokenizer' (PLUGIN_LOAD_OK)
20390: Información: Plugin successfully loaded from class 'org.omegat.tokenizer.LuceneArmenianTokenizer' (PLUGIN_LOAD_OK)
20390: Información: Plugin successfully loaded from class 'org.omegat.gui.editor.mark.ComesFromTMMarker' (PLUGIN_LOAD_OK)
20390: Información: Plugin successfully loaded from class 'org.omegat.tokenizer.TinySegmenterJapaneseTokenizer' (PLUGIN_LOAD_OK)
20390: Información: Plugin successfully loaded from class 'org.omegat.core.machinetranslators.MicrosoftTranslate' (PLUGIN_LOAD_OK)
20390: Información: Plugin successfully loaded from class 'org.omegat.filters2.text.ilias.ILIASFilter' (PLUGIN_LOAD_OK)
20390: Información: Plugin successfully loaded from class 'org.omegat.filters3.xml.opendoc.OpenDocFilter' (PLUGIN_LOAD_OK)
20390: Información: Plugin successfully loaded from class 'org.omegat.filters3.xml.typo3.Typo3Filter' (PLUGIN_LOAD_OK)
20390: Información: Plugin successfully loaded from class 'org.omegat.tokenizer.LuceneDutchTokenizer' (PLUGIN_LOAD_OK)
20390: Información: Plugin successfully loaded from class 'org.omegat.plugin.machinetranslators.ApertiumTranslate' (PLUGIN_LOAD_OK)
20390: Información: Docking Framework version: 2.1.5 
20390: Precaución: null 
20390: Precaución: java.lang.Exception: Invalid base file. 
20390: Precaución: 	at org.apertium.Translator.setBase(Translator.java:136) 
20390: Precaución: 	at org.omegat.plugin.machinetranslators.ApertiumTranslate.initModes(ApertiumTranslate.java:195) 
20390: Precaución: 	at org.omegat.plugin.machinetranslators.ApertiumTranslate.init(ApertiumTranslate.java:146) 
20390: Precaución: 	at org.omegat.plugin.machinetranslators.ApertiumTranslate.<init>(ApertiumTranslate.java:56) 
20390: Precaución: 	at sun.reflect.NativeConstructorAccessorImpl.newInstance0(Native Method) 
20390: Precaución: 	at sun.reflect.NativeConstructorAccessorImpl.newInstance(NativeConstructorAccessorImpl.java:62) 
20390: Precaución: 	at sun.reflect.DelegatingConstructorAccessorImpl.newInstance(DelegatingConstructorAccessorImpl.java:45) 
20390: Precaución: 	at java.lang.reflect.Constructor.newInstance(Constructor.java:422) 
20390: Precaución: 	at java.lang.Class.newInstance(Class.java:442) 
20390: Precaución: 	at org.omegat.gui.exttrans.MachineTranslateTextArea.<init>(MachineTranslateTextArea.java:78) 
20390: Precaución: 	at org.omegat.core.Core.initializeGUI(Core.java:232) 
20390: Precaución: 	at org.omegat.Main.runGUI(Main.java:269) 
20390: Precaución: 	at org.omegat.Main.main(Main.java:192) 
20390: Información: Evento: inicio de la aplicación (LOG_INFO_EVENT_APPLICATION_STARTUP)
20390: Información: Haz clic en el menú 'projectMenu' (LOG_MENU_CLICK)
20390: Información: Haz clic en el menú 'projectOpenRecentMenuItem' (LOG_MENU_CLICK)
20390: Información: Haz clic en el menú 'projectOpenRecentMenuItem' (LOG_MENU_CLICK)
20390: Información: Haz clic en el menú 'projectOpenRecentMenuItem' (LOG_MENU_CLICK)
20390: Información: GIT 'status' inició su ejecución (GIT_START)
20390: Información: GIT 'status' terminado satisfactoriamente (GIT_FINISH)
20390: FINE: GIT modified status of omegat/project_save.tmx is true 
20390: Precaución: La traducción local no está sincronizada con el repositorio remoto. El proyecto no será actualizado. (TEAM_NOCHECKOUT)
20390: FINE: Disable autosave 
20390: Información: java.lang.ClassNotFoundException: org.omegat.plugins.tokenizer.LuceneSpanishTokenizer 
20390: Información: Source tokenizer: org.omegat.tokenizer.LuceneEnglishTokenizer (LUCENE_CURRENT) 
20390: Información: Target tokenizer: org.omegat.tokenizer.LuceneSpanishTokenizer (LUCENE_CURRENT) 
20390: Información: Inicia la carga del proyecto (LOG_DATAENGINE_LOAD_START)
20390: Información: Load project source files: 9074ms 
20390: Información: Leyendo el archivo TMX /home/explorer/Documentos/Desarrollo/perlspanish-work/omegat/project_save.tmx (TMXR_INFO_READING_FILE)
20390: Información: Creado por: OmegaT (TMXR_INFO_CREATION_TOOL)
20390: Información: Versión: 3.1.9_4 (TMXR_INFO_CREATION_TOOL_VERSION)
20390: Información: Método de segmentación: sentence (TMXR_INFO_SEG_TYPE)
20390: Información: Idioma original: EN-US (TMXR_INFO_SOURCE_LANG)
20390: Información: Se ha completado la lectura del archivo TMX (TMXR_INFO_READING_COMPLETE)
20390: FINER: File '/home/explorer/Documentos/Desarrollo/perlspanish-work/tm/auto/zipf.tmx' added 
20390: Información: Leyendo el archivo TMX /home/explorer/Documentos/Desarrollo/perlspanish-work/tm/auto/zipf.tmx (TMXR_INFO_READING_FILE)
20390: Información: Creado por: OmegaT (TMXR_INFO_CREATION_TOOL)
20390: Información: Versión: 3.1.9 (TMXR_INFO_CREATION_TOOL_VERSION)
20390: Información: Método de segmentación: sentence (TMXR_INFO_SEG_TYPE)
20390: Información: Idioma original: EN-US (TMXR_INFO_SOURCE_LANG)
20390: Información: Se ha completado la lectura del archivo TMX (TMXR_INFO_READING_COMPLETE)
20390: Información: Carga del proyecto completada (LOG_DATAENGINE_LOAD_END)
20390: FINE: Enable autosave 
20390: Información: Evento: cambio en el proyecto - "LOAD" (LOG_INFO_EVENT_PROJECT_CHANGE)
20390: FINER: File '/home/explorer/Documentos/Desarrollo/perlspanish-work/glossary/i2e.utf8' added 
20390: Información: Cargando el glosario i2e.utf8 (CT_LOADING_GLOSSARY)
20390: FINER: File '/home/explorer/Documentos/Desarrollo/perlspanish-work/dictionary/eng-spa.idx' added 
20390: FINER: File '/home/explorer/Documentos/Desarrollo/perlspanish-work/dictionary/es_ES.dic' added 
20390: FINER: File '/home/explorer/Documentos/Desarrollo/perlspanish-work/dictionary/eng-spa.dict.dz' added 
20390: FINER: File '/home/explorer/Documentos/Desarrollo/perlspanish-work/dictionary/eng-spa.ifo' added 
20390: Información: Added 24.701 glossary entries from i2e.utf8 (CT_LOADING_GLOSSARY_DETAILS)
20390: FINER: File '/home/explorer/Documentos/Desarrollo/perlspanish-work/glossary/glossary.txt' added 
20390: Información: Cargando el glosario glossary.txt (CT_LOADING_GLOSSARY)
20390: Información: Added 2 glossary entries from glossary.txt (CT_LOADING_GLOSSARY_DETAILS)
20390: Información: Loaded dictionary from '/home/explorer/Documentos/Desarrollo/perlspanish-work/dictionary/eng-spa.ifo': 491ms 
20390: FINER: File '/home/explorer/Documentos/Desarrollo/perlspanish-work/dictionary/es_ES.aff' added 
20390: Información: Hunspell loaded successfully from /home/explorer/Documentos/Desarrollo/perlspanish/software/OmegaT/native/libhunspell-linux32.so 
20390: FINER: Initialize SpellChecker by Hunspell for language 'es_ES' dictionary /home/explorer/Documentos/Desarrollo/perlspanish-work/dictionary/es_ES.dic 
20390: FINE: Jumping to last entry #87372. 
20390: Información: Evento: nueva entrada activa (LOG_INFO_EVENT_ENTRY_ACTIVATED)
20390: Información: Evento: nuevo archivo activo (perlunicode.pod) (LOG_INFO_EVENT_ENTRY_NEWFILE)
20390: Información: Evento: nueva entrada activa (LOG_INFO_EVENT_ENTRY_ACTIVATED)
20390: FINER: Time for find matches: 5851 
20390: Información: Haz clic en el menú 'projectMenu' (LOG_MENU_CLICK)
20390: Información: Haz clic en el menú 'projectSaveMenuItem' (LOG_MENU_CLICK)
20390: Información: Guardando el proyecto (LOG_DATAENGINE_SAVE_START)
20390: FINE: Disable autosave 
20390: Información: Evento: nueva entrada activa (LOG_INFO_EVENT_ENTRY_ACTIVATED)
20390: FINER: Time for find matches: 416 
20390: Información: No hay necesidad de guardar el proyecto, porque no se hicieron cambios (LOG_DATAENGINE_SAVE_NONEED)
20390: Información: Start rebase (TEAM_REBASE_START)
20390: FINE: GIT file glossary/glossary.txt is under version control: true 
20390: FINE: rebaseProject: glossary file /home/explorer/Documentos/Desarrollo/perlspanish-work/glossary/glossary.txt is under version control 
20390: Información: GIT 'status' inició su ejecución (GIT_START)
20390: Información: GIT 'status' terminado satisfactoriamente (GIT_FINISH)
20390: FINE: GIT modified status of glossary/glossary.txt is false 
20390: Información: GIT 'status' inició su ejecución (GIT_START)
20390: Información: GIT 'status' terminado satisfactoriamente (GIT_FINISH)
20390: FINE: GIT modified status of omegat/project_save.tmx is true 
20390: FINE: GIT HEAD rev: 77156262007d0f81b7349d9549aa7acd8794683e 
20390: FINE: GIT origin/master rev: 77156262007d0f81b7349d9549aa7acd8794683e 
20390: FINE: GIT commonBase rev: 77156262007d0f81b7349d9549aa7acd8794683e 
20390: FINE: rebaseProject: TMX base revision: 77156262007d0f81b7349d9549aa7acd8794683e 
20390: FINE: GIT HEAD rev: 77156262007d0f81b7349d9549aa7acd8794683e 
20390: FINE: GIT origin/master rev: 77156262007d0f81b7349d9549aa7acd8794683e 
20390: FINE: GIT commonBase rev: 77156262007d0f81b7349d9549aa7acd8794683e 
20390: FINE: rebaseProject: glossary base revision: 77156262007d0f81b7349d9549aa7acd8794683e 
20390: FINE: GIT HEAD rev: 77156262007d0f81b7349d9549aa7acd8794683e 
20390: FINE: GIT origin/master rev: 77156262007d0f81b7349d9549aa7acd8794683e 
20390: FINER: File '/home/explorer/Documentos/Desarrollo/perlspanish-work/glossary/glossary.txt-based_on_77156262007d0f81b7349d9549aa7acd8794683e.new' added 
20390: FINE: GIT commonBase rev: 77156262007d0f81b7349d9549aa7acd8794683e 
20390: FINE: GIT restore base 77156262007d0f81b7349d9549aa7acd8794683e for [Ljava.io.File;@1f86b0e 
20390: FINER: File '/home/explorer/Documentos/Desarrollo/perlspanish-work/glossary/glossary.txt' changed 
20390: Información: Cargando el glosario glossary.txt (CT_LOADING_GLOSSARY)
20390: Información: Added 2 glossary entries from glossary.txt (CT_LOADING_GLOSSARY_DETAILS)
20390: Información: Leyendo el archivo TMX /home/explorer/Documentos/Desarrollo/perlspanish-work/omegat/project_save.tmx (TMXR_INFO_READING_FILE)
20390: Información: Creado por: OmegaT (TMXR_INFO_CREATION_TOOL)
20390: Información: Versión: 3.1.9_4 (TMXR_INFO_CREATION_TOOL_VERSION)
20390: Información: Método de segmentación: sentence (TMXR_INFO_SEG_TYPE)
20390: Información: Idioma original: EN-US (TMXR_INFO_SOURCE_LANG)
20390: Información: Se ha completado la lectura del archivo TMX (TMXR_INFO_READING_COMPLETE)
20390: Información: GIT 'reset' inició su ejecución (GIT_START)
20390: Información: GIT 'reset' terminado satisfactoriamente (GIT_FINISH)
20390: Información: GIT 'download' inició su ejecución (GIT_START)
20390: Información: GIT 'download' terminado satisfactoriamente (GIT_FINISH)
20390: FINE: GIT HEAD rev: 77156262007d0f81b7349d9549aa7acd8794683e 
20390: FINE: GIT origin/master rev: 77156262007d0f81b7349d9549aa7acd8794683e 
20390: FINE: GIT commonBase rev: 77156262007d0f81b7349d9549aa7acd8794683e 
20390: FINE: rebaseProject: TMX head revision: 77156262007d0f81b7349d9549aa7acd8794683e 
20390: FINE: rebaseProject: head equals base 
20390: FINE: GIT HEAD rev: 77156262007d0f81b7349d9549aa7acd8794683e 
20390: FINE: GIT origin/master rev: 77156262007d0f81b7349d9549aa7acd8794683e 
20390: FINE: GIT commonBase rev: 77156262007d0f81b7349d9549aa7acd8794683e 
20390: FINE: rebaseProject: glossary head revision: 77156262007d0f81b7349d9549aa7acd8794683e 
20390: Información: GIT 'upload' inició su ejecución (GIT_START)
20390: FINER: File '/home/explorer/Documentos/Desarrollo/perlspanish-work/glossary/glossary.txt' changed 
20390: Información: Cargando el glosario glossary.txt (CT_LOADING_GLOSSARY)
20390: Información: Added 2 glossary entries from glossary.txt (CT_LOADING_GLOSSARY_DETAILS)
20390: FINER: File '/home/explorer/Documentos/Desarrollo/perlspanish-work/glossary/glossary.txt-based_on_77156262007d0f81b7349d9549aa7acd8794683e.new' removed 
20390: Información: GIT 'upload' terminado satisfactoriamente (GIT_FINISH)
20390: Información: GIT 'upload' inició su ejecución (GIT_START)
20390: Información: GIT 'upload' terminado satisfactoriamente (GIT_FINISH)
20390: Información: End rebase (TEAM_REBASE_END)
20390: FINE: Enable autosave 
20390: Información: Evento: cambio en el proyecto - "SAVE" (LOG_INFO_EVENT_PROJECT_CHANGE)
20390: Información: Proyecto guardado (LOG_DATAENGINE_SAVE_END)
20390: Información: Haz clic en el menú 'projectMenu' (LOG_MENU_CLICK)
20390: Información: Haz clic en el menú 'projectOpenRecentMenuItem' (LOG_MENU_CLICK)
20390: Información: Haz clic en el menú 'projectCloseMenuItem' (LOG_MENU_CLICK)
20390: Información: Guardando el proyecto (LOG_DATAENGINE_SAVE_START)
20390: FINE: Disable autosave 
20390: Información: Evento: nueva entrada activa (LOG_INFO_EVENT_ENTRY_ACTIVATED)
20390: FINER: Time for find matches: 306 
20390: Información: No hay necesidad de guardar el proyecto, porque no se hicieron cambios (LOG_DATAENGINE_SAVE_NONEED)
20390: Información: Start rebase (TEAM_REBASE_START)
20390: FINE: GIT file glossary/glossary.txt is under version control: true 
20390: FINE: rebaseProject: glossary file /home/explorer/Documentos/Desarrollo/perlspanish-work/glossary/glossary.txt is under version control 
20390: Información: GIT 'status' inició su ejecución (GIT_START)
20390: Información: GIT 'status' terminado satisfactoriamente (GIT_FINISH)
20390: FINE: GIT modified status of glossary/glossary.txt is false 
20390: Información: GIT 'status' inició su ejecución (GIT_START)
20390: Información: GIT 'status' terminado satisfactoriamente (GIT_FINISH)
20390: FINE: GIT modified status of omegat/project_save.tmx is false 
20390: FINE: GIT HEAD rev: 10bd35a31614be811ca720c208d2342a119972ac 
20390: FINE: GIT origin/master rev: 10bd35a31614be811ca720c208d2342a119972ac 
20390: FINE: GIT commonBase rev: 10bd35a31614be811ca720c208d2342a119972ac 
20390: FINE: rebaseProject: TMX base revision: 10bd35a31614be811ca720c208d2342a119972ac 
20390: FINE: GIT HEAD rev: 10bd35a31614be811ca720c208d2342a119972ac 
20390: FINE: GIT origin/master rev: 10bd35a31614be811ca720c208d2342a119972ac 
20390: FINE: GIT commonBase rev: 10bd35a31614be811ca720c208d2342a119972ac 
20390: FINE: rebaseProject: glossary base revision: 10bd35a31614be811ca720c208d2342a119972ac 
20390: FINE: GIT HEAD rev: 10bd35a31614be811ca720c208d2342a119972ac 
20390: FINE: GIT origin/master rev: 10bd35a31614be811ca720c208d2342a119972ac 
20390: FINE: GIT commonBase rev: 10bd35a31614be811ca720c208d2342a119972ac 
20390: FINE: GIT restore base 10bd35a31614be811ca720c208d2342a119972ac for [Ljava.io.File;@1fa8b6 
20390: Información: Leyendo el archivo TMX /home/explorer/Documentos/Desarrollo/perlspanish-work/omegat/project_save.tmx (TMXR_INFO_READING_FILE)
20390: Información: Creado por: OmegaT (TMXR_INFO_CREATION_TOOL)
20390: Información: Versión: 3.1.9_4 (TMXR_INFO_CREATION_TOOL_VERSION)
20390: Información: Método de segmentación: sentence (TMXR_INFO_SEG_TYPE)
20390: Información: Idioma original: EN-US (TMXR_INFO_SOURCE_LANG)
20390: FINER: File '/home/explorer/Documentos/Desarrollo/perlspanish-work/glossary/glossary.txt' changed 
20390: Información: Cargando el glosario glossary.txt (CT_LOADING_GLOSSARY)
20390: Información: Added 2 glossary entries from glossary.txt (CT_LOADING_GLOSSARY_DETAILS)
20390: FINER: File '/home/explorer/Documentos/Desarrollo/perlspanish-work/glossary/glossary.txt-based_on_10bd35a31614be811ca720c208d2342a119972ac.new' added 
20390: Información: Se ha completado la lectura del archivo TMX (TMXR_INFO_READING_COMPLETE)
20390: Información: GIT 'reset' inició su ejecución (GIT_START)
20390: Información: GIT 'reset' terminado satisfactoriamente (GIT_FINISH)
20390: Información: GIT 'download' inició su ejecución (GIT_START)
20390: Información: GIT 'download' terminado satisfactoriamente (GIT_FINISH)
20390: FINE: GIT HEAD rev: 10bd35a31614be811ca720c208d2342a119972ac 
20390: FINE: GIT origin/master rev: 10bd35a31614be811ca720c208d2342a119972ac 
20390: FINE: GIT commonBase rev: 10bd35a31614be811ca720c208d2342a119972ac 
20390: FINE: rebaseProject: TMX head revision: 10bd35a31614be811ca720c208d2342a119972ac 
20390: FINE: rebaseProject: head equals base 
20390: FINE: GIT HEAD rev: 10bd35a31614be811ca720c208d2342a119972ac 
20390: FINE: GIT origin/master rev: 10bd35a31614be811ca720c208d2342a119972ac 
20390: FINE: GIT commonBase rev: 10bd35a31614be811ca720c208d2342a119972ac 
20390: FINE: rebaseProject: glossary head revision: 10bd35a31614be811ca720c208d2342a119972ac 
20390: Información: End rebase (TEAM_REBASE_END)
20390: FINER: File '/home/explorer/Documentos/Desarrollo/perlspanish-work/glossary/glossary.txt-based_on_10bd35a31614be811ca720c208d2342a119972ac.new' removed 
20390: FINE: Enable autosave 
20390: Información: Proyecto guardado (LOG_DATAENGINE_SAVE_END)
20390: Información: Evento: cambio en el proyecto - "SAVE" (LOG_INFO_EVENT_PROJECT_CHANGE)
20390: FINE: Disable autosave 
20390: Información: Proyecto cerrado (LOG_DATAENGINE_CLOSE)
20390: Información: Evento: cambio en el proyecto - "CLOSE" (LOG_INFO_EVENT_PROJECT_CHANGE)
20390: Información: Haz clic en el menú 'projectMenu' (LOG_MENU_CLICK)
20390: Información: Haz clic en el menú 'projectMenu' (LOG_MENU_CLICK)
20390: Información: Haz clic en el menú 'projectTeamNewMenuItem' (LOG_MENU_CLICK)
20390: Información: Haz clic en el menú 'projectMenu' (LOG_MENU_CLICK)
20390: Información: Haz clic en el menú 'projectOpenRecentMenuItem' (LOG_MENU_CLICK)
20390: Información: Haz clic en el menú 'projectOpenRecentMenuItem' (LOG_MENU_CLICK)
20390: Información: Haz clic en el menú 'projectMenu' (LOG_MENU_CLICK)
20390: Información: Haz clic en el menú 'projectOpenRecentMenuItem' (LOG_MENU_CLICK)
20390: Información: Haz clic en el menú 'projectOpenRecentMenuItem' (LOG_MENU_CLICK)
20390: Información: Haz clic en el menú 'projectOpenRecentMenuItem' (LOG_MENU_CLICK)
20390: Información: GIT 'status' inició su ejecución (GIT_START)
20390: Información: GIT 'status' terminado satisfactoriamente (GIT_FINISH)
20390: FINE: GIT modified status of omegat/project_save.tmx is false 
20390: Información: GIT 'status' inició su ejecución (GIT_START)
20390: Información: GIT 'status' terminado satisfactoriamente (GIT_FINISH)
20390: FINE: GIT modified status of glossary/glossary.txt is false 
20390: Información: GIT 'pull' inició su ejecución (GIT_START)
20390: Información: GIT 'pull' terminado satisfactoriamente (GIT_FINISH)
20390: FINE: Disable autosave 
20390: Información: java.lang.ClassNotFoundException: org.omegat.plugins.tokenizer.LuceneSpanishTokenizer 
20390: Información: Source tokenizer: org.omegat.tokenizer.LuceneEnglishTokenizer (LUCENE_CURRENT) 
20390: Información: Target tokenizer: org.omegat.tokenizer.LuceneSpanishTokenizer (LUCENE_CURRENT) 
20390: Información: Inicia la carga del proyecto (LOG_DATAENGINE_LOAD_START)
20390: Información: Load project source files: 1994ms 
20390: Información: Leyendo el archivo TMX /home/explorer/Documentos/Desarrollo/perl6spanish-work/omegat/project_save.tmx (TMXR_INFO_READING_FILE)
20390: Información: Creado por: OmegaT (TMXR_INFO_CREATION_TOOL)
20390: Información: Versión: 3.1.9_4 (TMXR_INFO_CREATION_TOOL_VERSION)
20390: Información: Método de segmentación: sentence (TMXR_INFO_SEG_TYPE)
20390: Información: Idioma original: EN-US (TMXR_INFO_SOURCE_LANG)
20390: Información: Se ha completado la lectura del archivo TMX (TMXR_INFO_READING_COMPLETE)
20390: FINER: File '/home/explorer/Documentos/Desarrollo/perl6spanish-work/tm/auto/perlspanish-omegat.explorer.tmx' added 
20390: Información: Leyendo el archivo TMX /home/explorer/Documentos/Desarrollo/perl6spanish-work/tm/auto/perlspanish-omegat.explorer.tmx (TMXR_INFO_READING_FILE)
20390: Información: Creado por: OmegaT (TMXR_INFO_CREATION_TOOL)
20390: Información: Versión: 3.1.9_4 (TMXR_INFO_CREATION_TOOL_VERSION)
20390: Información: Método de segmentación: sentence (TMXR_INFO_SEG_TYPE)
20390: Información: Idioma original: EN-US (TMXR_INFO_SOURCE_LANG)
20390: Información: Se ha completado la lectura del archivo TMX (TMXR_INFO_READING_COMPLETE)
20390: FINER: File '/home/explorer/Documentos/Desarrollo/perl6spanish-work/tm/auto/perlspanish-omegat.zipf.tmx' added 
20390: Información: Leyendo el archivo TMX /home/explorer/Documentos/Desarrollo/perl6spanish-work/tm/auto/perlspanish-omegat.zipf.tmx (TMXR_INFO_READING_FILE)
20390: Información: Creado por: OmegaT (TMXR_INFO_CREATION_TOOL)
20390: Información: Versión: 3.1.9 (TMXR_INFO_CREATION_TOOL_VERSION)
20390: Información: Método de segmentación: sentence (TMXR_INFO_SEG_TYPE)
20390: Información: Idioma original: EN-US (TMXR_INFO_SOURCE_LANG)
20390: Información: Se ha completado la lectura del archivo TMX (TMXR_INFO_READING_COMPLETE)
20390: Información: Carga del proyecto completada (LOG_DATAENGINE_LOAD_END)
20390: FINE: Enable autosave 
20390: Información: Evento: cambio en el proyecto - "LOAD" (LOG_INFO_EVENT_PROJECT_CHANGE)
20390: FINER: File '/home/explorer/Documentos/Desarrollo/perl6spanish-work/glossary/i2e.utf8' added 
20390: Información: Hunspell loaded successfully from /home/explorer/Documentos/Desarrollo/perlspanish/software/OmegaT/native/libhunspell-linux32.so 
20390: Información: Cargando el glosario i2e.utf8 (CT_LOADING_GLOSSARY)
20390: FINER: File '/home/explorer/Documentos/Desarrollo/perl6spanish-work/dictionary/eng-spa.idx' added 
20390: FINER: File '/home/explorer/Documentos/Desarrollo/perl6spanish-work/dictionary/es_ES.dic' added 
20390: FINER: File '/home/explorer/Documentos/Desarrollo/perl6spanish-work/dictionary/eng-spa.dict.dz' added 
20390: FINER: File '/home/explorer/Documentos/Desarrollo/perl6spanish-work/dictionary/eng-spa.ifo' added 
20390: Información: Added 24.701 glossary entries from i2e.utf8 (CT_LOADING_GLOSSARY_DETAILS)
20390: FINER: File '/home/explorer/Documentos/Desarrollo/perl6spanish-work/glossary/glossary.txt' added 
20390: Información: Cargando el glosario glossary.txt (CT_LOADING_GLOSSARY)
20390: Información: Added 2 glossary entries from glossary.txt (CT_LOADING_GLOSSARY_DETAILS)
20390: Información: Loaded dictionary from '/home/explorer/Documentos/Desarrollo/perl6spanish-work/dictionary/eng-spa.ifo': 258ms 
20390: FINER: File '/home/explorer/Documentos/Desarrollo/perl6spanish-work/dictionary/es_ES.aff' added 
20390: FINER: Initialize SpellChecker by Hunspell for language 'es_ES' dictionary /home/explorer/Documentos/Desarrollo/perlspanish-work/dictionary/es_ES.dic 
20390: FINE: Jumping to last entry #1. 
20390: Información: Evento: nuevo archivo activo (Language/5to6-nutshell.pod) (LOG_INFO_EVENT_ENTRY_NEWFILE)
20390: Información: Evento: nueva entrada activa (LOG_INFO_EVENT_ENTRY_ACTIVATED)
20390: Información: Evento: nueva entrada activa (LOG_INFO_EVENT_ENTRY_ACTIVATED)
20390: FINER: Time for find matches: 2213 
20390: FINER: Time for find matches: 2315 
20390: Información: Evento: nuevo archivo activo (Type/Date.pod) (LOG_INFO_EVENT_ENTRY_NEWFILE)
20390: Información: Evento: nueva entrada activa (LOG_INFO_EVENT_ENTRY_ACTIVATED)
20390: FINER: Time for find matches: 45 
20390: Información: Haz clic en el menú 'toolsMenu' (LOG_MENU_CLICK)
20390: Información: Haz clic en el menú 'toolsShowStatisticsStandardMenuItem' (LOG_MENU_CLICK)
20390: Información: Haz clic en el menú 'gotoMenu' (LOG_MENU_CLICK)
20390: Información: Haz clic en el menú 'editMenu' (LOG_MENU_CLICK)
20390: Información: Evento: nueva entrada activa (LOG_INFO_EVENT_ENTRY_ACTIVATED)
20390: FINER: Time for find matches: 677 
20390: Información: Evento: nueva entrada activa (LOG_INFO_EVENT_ENTRY_ACTIVATED)
20390: FINER: Time for find matches: 83 
20390: Información: Haz clic en el menú 'editOverwriteSourceMenuItem' (LOG_MENU_CLICK)
20390: Información: Haz clic en el menú 'editRegisterIdenticalMenuItem' (LOG_MENU_CLICK)
20390: Información: Evento: nueva entrada activa (LOG_INFO_EVENT_ENTRY_ACTIVATED)
20390: FINER: Time for find matches: 33 
20390: Información: Evento: nueva entrada activa (LOG_INFO_EVENT_ENTRY_ACTIVATED)
20390: FINER: Time for find matches: 112 
20390: Información: Haz clic en el menú 'toolsMenu' (LOG_MENU_CLICK)
20390: Información: Haz clic en el menú 'optionsMenu' (LOG_MENU_CLICK)
20390: Información: Haz clic en el menú 'optionsMachineTranslateMenu' (LOG_MENU_CLICK)
20390: Información: Haz clic en el menú 'optionsGlossaryMenu' (LOG_MENU_CLICK)
20390: Información: Haz clic en el menú 'optionsTransTipsMenu' (LOG_MENU_CLICK)
20390: Información: Haz clic en el menú 'optionsAutoCompleteMenu' (LOG_MENU_CLICK)
20390: Información: Haz clic en el menú 'optionsAutoCompleteMenu' (LOG_MENU_CLICK)
20390: Información: Haz clic en el menú 'optionsTransTipsMenu' (LOG_MENU_CLICK)
20390: Información: Haz clic en el menú 'optionsAutoCompleteMenu' (LOG_MENU_CLICK)
20390: Información: Haz clic en el menú 'optionsWorkflowMenuItem' (LOG_MENU_CLICK)
20390: Información: Guardando el proyecto (LOG_DATAENGINE_SAVE_START)
20390: FINE: Disable autosave 
20390: Información: Start rebase (TEAM_REBASE_START)
20390: FINE: GIT file glossary/glossary.txt is under version control: true 
20390: FINE: rebaseProject: glossary file /home/explorer/Documentos/Desarrollo/perl6spanish-work/glossary/glossary.txt is under version control 
20390: FINE: GIT HEAD rev: 1c29ae228621010585e7e4236ebab9f5d1df1347 
20390: FINE: GIT origin/master rev: 1c29ae228621010585e7e4236ebab9f5d1df1347 
20390: FINE: GIT commonBase rev: 1c29ae228621010585e7e4236ebab9f5d1df1347 
20390: FINE: rebaseProject: TMX base revision: 1c29ae228621010585e7e4236ebab9f5d1df1347 
20390: FINE: GIT HEAD rev: 1c29ae228621010585e7e4236ebab9f5d1df1347 
20390: FINE: GIT origin/master rev: 1c29ae228621010585e7e4236ebab9f5d1df1347 
20390: FINE: GIT commonBase rev: 1c29ae228621010585e7e4236ebab9f5d1df1347 
20390: FINE: rebaseProject: glossary base revision: 1c29ae228621010585e7e4236ebab9f5d1df1347 
20390: FINE: GIT HEAD rev: 1c29ae228621010585e7e4236ebab9f5d1df1347 
20390: FINE: GIT origin/master rev: 1c29ae228621010585e7e4236ebab9f5d1df1347 
20390: FINE: GIT commonBase rev: 1c29ae228621010585e7e4236ebab9f5d1df1347 
20390: FINE: GIT restore base 1c29ae228621010585e7e4236ebab9f5d1df1347 for [Ljava.io.File;@1c361bb 
20390: Información: Leyendo el archivo TMX /home/explorer/Documentos/Desarrollo/perl6spanish-work/omegat/project_save.tmx (TMXR_INFO_READING_FILE)
20390: Información: Creado por: OmegaT (TMXR_INFO_CREATION_TOOL)
20390: Información: Versión: 3.1.9_4 (TMXR_INFO_CREATION_TOOL_VERSION)
20390: Información: Método de segmentación: sentence (TMXR_INFO_SEG_TYPE)
20390: Información: Idioma original: EN-US (TMXR_INFO_SOURCE_LANG)
20390: Información: Se ha completado la lectura del archivo TMX (TMXR_INFO_READING_COMPLETE)
20390: Información: GIT 'reset' inició su ejecución (GIT_START)
20390: Información: GIT 'reset' terminado satisfactoriamente (GIT_FINISH)
20390: Información: GIT 'download' inició su ejecución (GIT_START)
20390: FINER: File '/home/explorer/Documentos/Desarrollo/perl6spanish-work/glossary/glossary.txt' changed 
20390: Información: Cargando el glosario glossary.txt (CT_LOADING_GLOSSARY)
20390: Información: Added 2 glossary entries from glossary.txt (CT_LOADING_GLOSSARY_DETAILS)
20390: FINER: File '/home/explorer/Documentos/Desarrollo/perl6spanish-work/glossary/glossary.txt-based_on_1c29ae228621010585e7e4236ebab9f5d1df1347.new' added 
20390: Información: GIT 'download' terminado satisfactoriamente (GIT_FINISH)
20390: FINE: GIT HEAD rev: 1c29ae228621010585e7e4236ebab9f5d1df1347 
20390: FINE: GIT origin/master rev: 1c29ae228621010585e7e4236ebab9f5d1df1347 
20390: FINE: GIT commonBase rev: 1c29ae228621010585e7e4236ebab9f5d1df1347 
20390: FINE: rebaseProject: TMX head revision: 1c29ae228621010585e7e4236ebab9f5d1df1347 
20390: FINE: rebaseProject: head equals base 
20390: FINE: GIT HEAD rev: 1c29ae228621010585e7e4236ebab9f5d1df1347 
20390: FINE: GIT origin/master rev: 1c29ae228621010585e7e4236ebab9f5d1df1347 
20390: FINE: GIT commonBase rev: 1c29ae228621010585e7e4236ebab9f5d1df1347 
20390: FINE: rebaseProject: glossary head revision: 1c29ae228621010585e7e4236ebab9f5d1df1347 
20390: Información: GIT 'upload' inició su ejecución (GIT_START)
20390: FINER: File '/home/explorer/Documentos/Desarrollo/perl6spanish-work/glossary/glossary.txt-based_on_1c29ae228621010585e7e4236ebab9f5d1df1347.new' removed 
20390: Información: GIT 'upload' terminado satisfactoriamente (GIT_FINISH)
20390: Información: GIT 'upload' inició su ejecución (GIT_START)
20390: Información: GIT 'upload' terminado satisfactoriamente (GIT_FINISH)
20390: Información: End rebase (TEAM_REBASE_END)
20390: Información: Evento: cambio en el proyecto - "SAVE" (LOG_INFO_EVENT_PROJECT_CHANGE)
20390: FINE: Enable autosave 
20390: Información: Proyecto guardado (LOG_DATAENGINE_SAVE_END)
20390: Información: Evento: cierre de la aplicación (LOG_INFO_EVENT_APPLICATION_SHUTDOWN)
